빌드 시작: 2014-10-21 오전 10:16:39
     1>2 노드의 "C:\Users\Administrator\Downloads\projectEuler\c\Project Euler.vcxproj" 프로젝트(build 대상)입니다.
     1>InitializeBuildStatus:
         "AlwaysCreate"이(가) 지정되었기 때문에 ".\Debug\Project Euler.unsuccessfulbuild"을(를) 만들고 있습니다.
       ClCompile:
         C:\Program Files (x86)\Microsoft Visual Studio 10.0\VC\bin\CL.exe /c /ZI /nologo /W3 /WX- /Od /Oy- /D WIN32 /D _DEBUG /D _CONSOLE /D _VC80_UPGRADE=0x0600 /D _MBCS /Gm /EHsc /RTC1 /MTd /GS /Gy- /fp:precise /Zc:wchar_t /Zc:forScope /Fo".\Debug\\" /Fd".\Debug\vc100.pdb" /Gd /TP /analyze- /errorReport:prompt 66th.cpp
         66th.cpp
       ManifestResourceCompile:
         모든 출력이 최신 상태입니다.
       Link:
         C:\Program Files (x86)\Microsoft Visual Studio 10.0\VC\bin\link.exe /ERRORREPORT:PROMPT /OUT:".\Debug\Project Euler.exe" /INCREMENTAL /NOLOGO odbc32.lib odbccp32.lib kernel32.lib user32.lib gdi32.lib winspool.lib comdlg32.lib advapi32.lib shell32.lib ole32.lib oleaut32.lib uuid.lib odbc32.lib odbccp32.lib /MANIFEST /ManifestFile:".\Debug\Project Euler.exe.intermediate.manifest" /MANIFESTUAC:"level='asInvoker' uiAccess='false'" /DEBUG /PDB:"C:\Users\Administrator\Downloads\projectEuler\c\Debug\Project Euler.pdb" /SUBSYSTEM:CONSOLE /TLBID:1 /DYNAMICBASE /NXCOMPAT /IMPLIB:".\Debug\Project Euler.lib" /MACHINE:X86 ".\Debug\Project Euler.exe.embed.manifest.res"
         .\Debug\66th.obj
       Manifest:
         C:\Program Files (x86)\Microsoft SDKs\Windows\v7.0A\bin\mt.exe /nologo /verbose /out:".\Debug\Project Euler.exe.embed.manifest" /manifest ".\Debug\Project Euler.exe.intermediate.manifest"
         모든 출력이 최신 상태입니다.
       LinkEmbedManifest:
         모든 출력이 최신 상태입니다.
         Project Euler.vcxproj -> C:\Users\Administrator\Downloads\projectEuler\c\.\Debug\Project Euler.exe
       FinalizeBuildStatus:
         ".\Debug\Project Euler.unsuccessfulbuild" 파일을 삭제하고 있습니다.
         ".\Debug\Project Euler.lastbuildstate"에 연결(touching)하고 있습니다.
     1>"C:\Users\Administrator\Downloads\projectEuler\c\Project Euler.vcxproj" 프로젝트를 빌드했습니다(build 대상).

빌드했습니다.

경과 시간: 00:00:00.39
